[debug] [2026-06-18T14:36:59.084Z] ----------------------------------------------------------------------
[debug] [2026-06-18T14:36:59.086Z] Command:       /usr/local/bin/node /usr/local/bin/firebase projects:list
[debug] [2026-06-18T14:36:59.087Z] CLI Version:   15.18.0
[debug] [2026-06-18T14:36:59.087Z] Platform:      linux
[debug] [2026-06-18T14:36:59.087Z] Node Version:  v22.22.3
[debug] [2026-06-18T14:36:59.088Z] Time:          Thu Jun 18 2026 14:36:59 GMT+0000 (Coordinated Universal Time)
[debug] [2026-06-18T14:36:59.088Z] ----------------------------------------------------------------------
[debug] 
[debug] [2026-06-18T14:36:59.090Z] >>> [apiv2][query] GET https://firebase-public.firebaseio.com/cli.json [none]
[debug] [2026-06-18T14:36:59.117Z] > command requires scopes: ["email","openid","https://www.googleapis.com/auth/cloudplatformprojects.readonly","https://www.googleapis.com/auth/firebase","https://www.googleapis.com/auth/cloud-platform"]
[debug] [2026-06-18T14:36:59.171Z] Running auto auth
[debug] [2026-06-18T14:36:59.177Z] No OAuth tokens found
[debug] [2026-06-18T14:36:59.177Z] >>> [apiv2][query] GET https://firebase.googleapis.com/v1beta1/projects pageSize=1000
[debug] [2026-06-18T14:36:59.287Z] <<< [apiv2][status] GET https://firebase.googleapis.com/v1beta1/projects 403
[debug] [2026-06-18T14:36:59.287Z] <<< [apiv2][body] GET https://firebase.googleapis.com/v1beta1/projects [omitted]
[debug] [2026-06-18T14:36:59.288Z] Request to https://firebase.googleapis.com/v1beta1/projects?pageSize=1000 had HTTP Error: 403, Firebase Management API has not been used in project 954755939199 before or it is disabled. Enable it by visiting https://console.developers.google.com/apis/api/firebase.googleapis.com/overview?project=954755939199 then retry. If you enabled this API recently, wait a few minutes for the action to propagate to our systems and retry.
[debug] [2026-06-18T14:36:59.289Z] FirebaseError: Request to https://firebase.googleapis.com/v1beta1/projects?pageSize=1000 had HTTP Error: 403, Firebase Management API has not been used in project 954755939199 before or it is disabled. Enable it by visiting https://console.developers.google.com/apis/api/firebase.googleapis.com/overview?project=954755939199 then retry. If you enabled this API recently, wait a few minutes for the action to propagate to our systems and retry.
    at responseToError (/usr/local/lib/node_modules/firebase-tools/lib/responseToError.js:53:12)
    at RetryOperation._fn (/usr/local/lib/node_modules/firebase-tools/lib/apiv2.js:333:77)
    at process.processTicksAndRejections (node:internal/process/task_queues:103:5)
[error] 
[error] Error: Failed to list Firebase projects. See firebase-debug.log for more info.
[debug] [2026-06-18T14:36:59.335Z] <<< [apiv2][status] GET https://firebase-public.firebaseio.com/cli.json 200
[debug] [2026-06-18T14:36:59.336Z] <<< [apiv2][body] GET https://firebase-public.firebaseio.com/cli.json {"cloudBuildErrorAfter":1594252800000,"cloudBuildWarnAfter":1590019200000,"defaultNode10After":1594252800000,"minVersion":"3.0.5","node8DeploysDisabledAfter":1613390400000,"node8RuntimeDisabledAfter":1615809600000,"node8WarnAfter":1600128000000}
